app/build/intermediates/manifest_merge_blame_file/debug/manifest-merger-blame-debug-report.txt
1<?xml version="1.0" encoding="utf-8"?>
2<manifest xmlns:android="http://schemas.android.com/apk/res/android"
3    package="com.example.firebase_signin"
4    android:versionCode="1"
5    android:versionName="1.0" >
6
7    <uses-sdk
8        android:minSdkVersion="24"
8-->src\main\AndroidManifest.xml
9        android:targetSdkVersion="33" />
9-->src\main\AndroidManifest.xml
10
11    <uses-permission android:name="android.permission.INTERNET" />
11-->src\main\AndroidManifest.xml:7:5-67
11-->src\main\AndroidManifest.xml:7:22-64
12    <uses-permission android:name="android.permission.READ_EXTERNAL_STORAGE" />
12-->src\main\AndroidManifest.xml:8:5-80
12-->src\main\AndroidManifest.xml:8:22-77
13
14    <!-- Although the *SdkVersion is captured in gradle build files, this is required for non gradle builds -->
15    <!-- <uses-sdk android:minSdkVersion="14"/> -->
16    <uses-permission android:name="android.permission.ACCESS_NETWORK_STATE" />
16-->[com.google.firebase:firebase-database:20.3.0] AndroidManifest.xml:22:5-79
16-->[com.google.firebase:firebase-database:20.3.0] AndroidManifest.xml:22:22-76
17
18    <permission
18-->[androidx.core:core:1.9.0] AndroidManifest.xml:22:5-24:47
19        android:name="com.example.firebase_signin.DYNAMIC_RECEIVER_NOT_EXPORTED_PERMISSION"
19-->[androidx.core:core:1.9.0] AndroidManifest.xml:23:9-81
20        android:protectionLevel="signature" />
20-->[androidx.core:core:1.9.0] AndroidManifest.xml:24:9-44
21
22    <uses-permission android:name="com.example.firebase_signin.DYNAMIC_RECEIVER_NOT_EXPORTED_PERMISSION" />
22-->[androidx.core:core:1.9.0] AndroidManifest.xml:26:5-97
22-->[androidx.core:core:1.9.0] AndroidManifest.xml:26:22-94
23
24    <application
24-->src\main\AndroidManifest.xml:10:5-112:19
25        android:allowBackup="true"
25-->src\main\AndroidManifest.xml:12:9-35
26        android:appComponentFactory="androidx.core.app.CoreComponentFactory"
26-->[androidx.core:core:1.9.0] AndroidManifest.xml:28:18-86
27        android:dataExtractionRules="@xml/data_extraction_rules"
27-->src\main\AndroidManifest.xml:13:9-65
28        android:debuggable="true"
29        android:extractNativeLibs="false"
30        android:fullBackupContent="@xml/backup_rules"
30-->src\main\AndroidManifest.xml:14:9-54
31        android:icon="@mipmap/ic_launcherr"
31-->src\main\AndroidManifest.xml:15:9-44
32        android:label="@string/app_name"
32-->src\main\AndroidManifest.xml:16:9-41
33        android:supportsRtl="true"
33-->src\main\AndroidManifest.xml:17:9-35
34        android:testOnly="true"
35        android:theme="@style/Theme.Lastdance" >
35-->src\main\AndroidManifest.xml:18:9-47
36        <activity
36-->src\main\AndroidManifest.xml:20:9-28:20
37            android:name="com.works.lastdance.introduction.Splashscreen"
37-->src\main\AndroidManifest.xml:21:13-54
38            android:exported="true"
38-->src\main\AndroidManifest.xml:23:13-36
39            android:theme="@style/Theme.Material3.Light.NoActionBar" >
39-->src\main\AndroidManifest.xml:22:13-69
40            <intent-filter>
40-->src\main\AndroidManifest.xml:24:13-27:29
41                <action android:name="android.intent.action.MAIN" />
41-->src\main\AndroidManifest.xml:25:17-69
41-->src\main\AndroidManifest.xml:25:25-66
42
43                <category android:name="android.intent.category.LAUNCHER" />
43-->src\main\AndroidManifest.xml:26:17-77
43-->src\main\AndroidManifest.xml:26:27-74
44            </intent-filter>
45        </activity>
46        <activity
46-->src\main\AndroidManifest.xml:30:9-32:39
47            android:name="com.works.lastdance.chatapp.activity.ChatActivity"
47-->src\main\AndroidManifest.xml:31:13-58
48            android:exported="true" />
48-->src\main\AndroidManifest.xml:32:13-36
49
50        <!-- <activity -->
51        <!-- android:name=".activity.ProfileActivity" -->
52        <!-- android:exported="false" /> -->
53        <!-- <activity -->
54        <!-- android:name=".activity.OTPActivity" -->
55        <!-- android:exported="false" /> -->
56        <!-- <activity -->
57        <!-- android:name=".activity.NumberActivity" -->
58        <!-- android:exported="false" /> -->
59        <activity
59-->src\main\AndroidManifest.xml:43:9-45:40
60            android:name="com.works.lastdance.patient.PatientMyAppointmentsActivity"
60-->src\main\AndroidManifest.xml:44:13-66
61            android:exported="false" />
61-->src\main\AndroidManifest.xml:45:13-37
62        <activity
62-->src\main\AndroidManifest.xml:46:9-49:72
63            android:name="com.works.lastdance.doctor.DoctorProfileEditActivity"
63-->src\main\AndroidManifest.xml:47:13-61
64            android:exported="false"
64-->src\main\AndroidManifest.xml:48:13-37
65            android:theme="@style/Theme.Material3.Light.NoActionBar" />
65-->src\main\AndroidManifest.xml:49:13-69
66        <activity
66-->src\main\AndroidManifest.xml:50:9-53:72
67            android:name="com.works.lastdance.doctor.DoctorProfileActivity"
67-->src\main\AndroidManifest.xml:51:13-57
68            android:exported="false"
68-->src\main\AndroidManifest.xml:52:13-37
69            android:theme="@style/Theme.Material3.Light.NoActionBar" />
69-->src\main\AndroidManifest.xml:53:13-69
70        <activity
70-->src\main\AndroidManifest.xml:54:9-57:54
71            android:name="com.works.lastdance.doctor.DoctorHomepageActivity"
71-->src\main\AndroidManifest.xml:55:13-58
72            android:exported="false"
72-->src\main\AndroidManifest.xml:56:13-37
73            android:theme="@style/Theme.Lastdance" />
73-->src\main\AndroidManifest.xml:57:13-51
74        <activity
74-->src\main\AndroidManifest.xml:58:9-61:72
75            android:name="com.works.lastdance.doctor.DoctorRegisterActivity"
75-->src\main\AndroidManifest.xml:59:13-58
76            android:exported="false"
76-->src\main\AndroidManifest.xml:60:13-37
77            android:theme="@style/Theme.Material3.Light.NoActionBar" />
77-->src\main\AndroidManifest.xml:61:13-69
78        <activity
78-->src\main\AndroidManifest.xml:62:9-65:72
79            android:name="com.works.lastdance.doctor.DoctorLoginActivity"
79-->src\main\AndroidManifest.xml:63:13-55
80            android:exported="false"
80-->src\main\AndroidManifest.xml:64:13-37
81            android:theme="@style/Theme.Material3.Light.NoActionBar" />
81-->src\main\AndroidManifest.xml:65:13-69
82        <activity
82-->src\main\AndroidManifest.xml:66:9-75:20
83            android:name="com.works.lastdance.MainActivity"
83-->src\main\AndroidManifest.xml:67:13-41
84            android:exported="true"
84-->src\main\AndroidManifest.xml:68:13-36
85            android:theme="@style/Theme.Material3.Light.NoActionBar" >
85-->src\main\AndroidManifest.xml:69:13-69
86
87            <!-- <intent-filter> -->
88            <!-- <action android:name="android.intent.action.MAIN" /> -->
89
90
91            <!-- <category android:name="android.intent.category.LAUNCHER" /> -->
92            <!-- </intent-filter> -->
93        </activity>
94        <activity
94-->src\main\AndroidManifest.xml:76:9-79:72
95            android:name="com.works.lastdance.patient.PatientProfileEditActivity"
95-->src\main\AndroidManifest.xml:77:13-63
96            android:exported="false"
96-->src\main\AndroidManifest.xml:78:13-37
97            android:theme="@style/Theme.Material3.Light.NoActionBar" />
97-->src\main\AndroidManifest.xml:79:13-69
98        <activity
98-->src\main\AndroidManifest.xml:80:9-83:72
99            android:name="com.works.lastdance.patient.AppointmentActivity"
99-->src\main\AndroidManifest.xml:81:13-56
100            android:exported="false"
100-->src\main\AndroidManifest.xml:82:13-37
101            android:theme="@style/Theme.Material3.Light.NoActionBar" />
101-->src\main\AndroidManifest.xml:83:13-69
102        <activity
102-->src\main\AndroidManifest.xml:84:9-87:72
103            android:name="com.works.lastdance.NewsDetailActivity"
103-->src\main\AndroidManifest.xml:85:13-47
104            android:exported="false"
104-->src\main\AndroidManifest.xml:86:13-37
105            android:theme="@style/Theme.Material3.Light.NoActionBar" />
105-->src\main\AndroidManifest.xml:87:13-69
106        <activity
106-->src\main\AndroidManifest.xml:88:9-91:72
107            android:name="com.works.lastdance.NewsActivity"
107-->src\main\AndroidManifest.xml:89:13-41
108            android:exported="false"
108-->src\main\AndroidManifest.xml:90:13-37
109            android:theme="@style/Theme.Material3.Light.NoActionBar" />
109-->src\main\AndroidManifest.xml:91:13-69
110        <activity
110-->src\main\AndroidManifest.xml:92:9-95:72
111            android:name="com.works.lastdance.patient.PatientProfileActivity"
111-->src\main\AndroidManifest.xml:93:13-59
112            android:exported="false"
112-->src\main\AndroidManifest.xml:94:13-37
113            android:theme="@style/Theme.Material3.Light.NoActionBar" />
113-->src\main\AndroidManifest.xml:95:13-69
114        <activity
114-->src\main\AndroidManifest.xml:96:9-99:54
115            android:name="com.works.lastdance.patient.PatientHomePageActivity"
115-->src\main\AndroidManifest.xml:97:13-60
116            android:exported="false"
116-->src\main\AndroidManifest.xml:98:13-37
117            android:theme="@style/Theme.Lastdance" />
117-->src\main\AndroidManifest.xml:99:13-51
118        <activity
118-->src\main\AndroidManifest.xml:100:9-103:72
119            android:name="com.works.lastdance.patient.PatientRegisterActivity"
119-->src\main\AndroidManifest.xml:101:13-60
120            android:exported="false"
120-->src\main\AndroidManifest.xml:102:13-37
121            android:theme="@style/Theme.Material3.Light.NoActionBar" />
121-->src\main\AndroidManifest.xml:103:13-69
122        <activity
122-->src\main\AndroidManifest.xml:104:9-107:72
123            android:name="com.works.lastdance.patient.PatientLoginActivity"
123-->src\main\AndroidManifest.xml:105:13-57
124            android:exported="true"
124-->src\main\AndroidManifest.xml:106:13-36
125            android:theme="@style/Theme.Material3.Light.NoActionBar" />
125-->src\main\AndroidManifest.xml:107:13-69
126
127        <meta-data
127-->src\main\AndroidManifest.xml:109:9-111:57
128            android:name="preloaded_fonts"
128-->src\main\AndroidManifest.xml:110:13-43
129            android:resource="@array/preloaded_fonts" />
129-->src\main\AndroidManifest.xml:111:13-54
130
131        <service
131-->[com.google.firebase:firebase-database-ktx:20.3.0] AndroidManifest.xml:9:9-15:19
132            android:name="com.google.firebase.components.ComponentDiscoveryService"
132-->[com.google.firebase:firebase-database-ktx:20.3.0] AndroidManifest.xml:10:13-84
133            android:directBootAware="true"
133-->[com.google.firebase:firebase-common:20.4.2] AndroidManifest.xml:32:13-43
134            android:exported="false" >
134-->[com.google.firebase:firebase-database-ktx:20.3.0] AndroidManifest.xml:11:13-37
135            <meta-data
135-->[com.google.firebase:firebase-database-ktx:20.3.0] AndroidManifest.xml:12:13-14:85
136                android:name="com.google.firebase.components:com.google.firebase.database.ktx.FirebaseDatabaseLegacyRegistrar"
136-->[com.google.firebase:firebase-database-ktx:20.3.0] AndroidManifest.xml:13:17-127
137                android:value="com.google.firebase.components.ComponentRegistrar" />
137-->[com.google.firebase:firebase-database-ktx:20.3.0] AndroidManifest.xml:14:17-82
138            <meta-data
138-->[com.google.firebase:firebase-firestore-ktx:24.6.1] AndroidManifest.xml:14:13-16:85
139                android:name="com.google.firebase.components:com.google.firebase.firestore.ktx.FirebaseFirestoreKtxRegistrar"
139-->[com.google.firebase:firebase-firestore-ktx:24.6.1] AndroidManifest.xml:15:17-126
140                android:value="com.google.firebase.components.ComponentRegistrar" />
140-->[com.google.firebase:firebase-firestore-ktx:24.6.1] AndroidManifest.xml:16:17-82
141            <meta-data
141-->[com.google.firebase:firebase-auth-ktx:22.0.0] AndroidManifest.xml:11:13-13:85
142                android:name="com.google.firebase.components:com.google.firebase.auth.ktx.FirebaseAuthKtxRegistrar"
142-->[com.google.firebase:firebase-auth-ktx:22.0.0] AndroidManifest.xml:12:17-116
143                android:value="com.google.firebase.components.ComponentRegistrar" />
143-->[com.google.firebase:firebase-auth-ktx:22.0.0] AndroidManifest.xml:13:17-82
144            <meta-data
144-->[com.google.firebase:firebase-storage-ktx:20.2.0] AndroidManifest.xml:14:13-16:85
145                android:name="com.google.firebase.components:com.google.firebase.storage.ktx.FirebaseStorageKtxRegistrar"
145-->[com.google.firebase:firebase-storage-ktx:20.2.0] AndroidManifest.xml:15:17-122
146                android:value="com.google.firebase.components.ComponentRegistrar" />
146-->[com.google.firebase:firebase-storage-ktx:20.2.0] AndroidManifest.xml:16:17-82
147            <meta-data
147-->[com.google.firebase:firebase-database:20.3.0] AndroidManifest.xml:29:13-31:85
148                android:name="com.google.firebase.components:com.google.firebase.database.FirebaseDatabaseKtxRegistrar"
148-->[com.google.firebase:firebase-database:20.3.0] AndroidManifest.xml:30:17-120
149                android:value="com.google.firebase.components.ComponentRegistrar" />
149-->[com.google.firebase:firebase-database:20.3.0] AndroidManifest.xml:31:17-82
150            <meta-data
150-->[com.google.firebase:firebase-database:20.3.0] AndroidManifest.xml:32:13-34:85
151                android:name="com.google.firebase.components:com.google.firebase.database.DatabaseRegistrar"
151-->[com.google.firebase:firebase-database:20.3.0] AndroidManifest.xml:33:17-109
152                android:value="com.google.firebase.components.ComponentRegistrar" />
152-->[com.google.firebase:firebase-database:20.3.0] AndroidManifest.xml:34:17-82
153            <meta-data
153-->[com.google.firebase:firebase-common-ktx:20.4.2] AndroidManifest.xml:12:13-14:85
154                android:name="com.google.firebase.components:com.google.firebase.ktx.FirebaseCommonLegacyRegistrar"
154-->[com.google.firebase:firebase-common-ktx:20.4.2] AndroidManifest.xml:13:17-116
155                android:value="com.google.firebase.components.ComponentRegistrar" />
155-->[com.google.firebase:firebase-common-ktx:20.4.2] AndroidManifest.xml:14:17-82
156            <meta-data
156-->[com.google.firebase:firebase-auth:22.0.0] AndroidManifest.xml:69:13-71:85
157                android:name="com.google.firebase.components:com.google.firebase.auth.FirebaseAuthRegistrar"
157-->[com.google.firebase:firebase-auth:22.0.0] AndroidManifest.xml:70:17-109
158                android:value="com.google.firebase.components.ComponentRegistrar" />
158-->[com.google.firebase:firebase-auth:22.0.0] AndroidManifest.xml:71:17-82
159            <meta-data
159-->[com.google.firebase:firebase-firestore:24.6.1] AndroidManifest.xml:19:13-21:85
160                android:name="com.google.firebase.components:com.google.firebase.firestore.FirestoreRegistrar"
160-->[com.google.firebase:firebase-firestore:24.6.1] AndroidManifest.xml:20:17-111
161                android:value="com.google.firebase.components.ComponentRegistrar" />
161-->[com.google.firebase:firebase-firestore:24.6.1] AndroidManifest.xml:21:17-82
162            <meta-data
162-->[com.google.firebase:firebase-storage:20.2.0] AndroidManifest.xml:32:13-34:85
163                android:name="com.google.firebase.components:com.google.firebase.storage.StorageRegistrar"
163-->[com.google.firebase:firebase-storage:20.2.0] AndroidManifest.xml:33:17-107
164                android:value="com.google.firebase.components.ComponentRegistrar" />
164-->[com.google.firebase:firebase-storage:20.2.0] AndroidManifest.xml:34:17-82
165            <meta-data
165-->[com.google.firebase:firebase-common:20.4.2] AndroidManifest.xml:35:13-37:85
166                android:name="com.google.firebase.components:com.google.firebase.FirebaseCommonKtxRegistrar"
166-->[com.google.firebase:firebase-common:20.4.2] AndroidManifest.xml:36:17-109
167                android:value="com.google.firebase.components.ComponentRegistrar" />
167-->[com.google.firebase:firebase-common:20.4.2] AndroidManifest.xml:37:17-82
168        </service>
169
170        <activity
170-->[com.google.firebase:firebase-auth:22.0.0] AndroidManifest.xml:29:9-46:20
171            android:name="com.google.firebase.auth.internal.GenericIdpActivity"
171-->[com.google.firebase:firebase-auth:22.0.0] AndroidManifest.xml:30:13-80
172            android:excludeFromRecents="true"
172-->[com.google.firebase:firebase-auth:22.0.0] AndroidManifest.xml:31:13-46
173            android:exported="true"
173-->[com.google.firebase:firebase-auth:22.0.0] AndroidManifest.xml:32:13-36
174            android:launchMode="singleTask"
174-->[com.google.firebase:firebase-auth:22.0.0] AndroidManifest.xml:33:13-44
175            android:theme="@android:style/Theme.Translucent.NoTitleBar" >
175-->[com.google.firebase:firebase-auth:22.0.0] AndroidManifest.xml:34:13-72
176            <intent-filter>
176-->[com.google.firebase:firebase-auth:22.0.0] AndroidManifest.xml:35:13-45:29
177                <action android:name="android.intent.action.VIEW" />
177-->[com.google.firebase:firebase-auth:22.0.0] AndroidManifest.xml:36:17-69
177-->[com.google.firebase:firebase-auth:22.0.0] AndroidManifest.xml:36:25-66
178
179                <category android:name="android.intent.category.DEFAULT" />
179-->[com.google.firebase:firebase-auth:22.0.0] AndroidManifest.xml:38:17-76
179-->[com.google.firebase:firebase-auth:22.0.0] AndroidManifest.xml:38:27-73
180                <category android:name="android.intent.category.BROWSABLE" />
180-->[com.google.firebase:firebase-auth:22.0.0] AndroidManifest.xml:39:17-78
180-->[com.google.firebase:firebase-auth:22.0.0] AndroidManifest.xml:39:27-75
181
182                <data
182-->[com.google.firebase:firebase-auth:22.0.0] AndroidManifest.xml:41:17-44:51
183                    android:host="firebase.auth"
183-->[com.google.firebase:firebase-auth:22.0.0] AndroidManifest.xml:42:21-49
184                    android:path="/"
184-->[com.google.firebase:firebase-auth:22.0.0] AndroidManifest.xml:43:21-37
185                    android:scheme="genericidp" />
185-->[com.google.firebase:firebase-auth:22.0.0] AndroidManifest.xml:44:21-48
186            </intent-filter>
187        </activity>
188        <activity
188-->[com.google.firebase:firebase-auth:22.0.0] AndroidManifest.xml:47:9-64:20
189            android:name="com.google.firebase.auth.internal.RecaptchaActivity"
189-->[com.google.firebase:firebase-auth:22.0.0] AndroidManifest.xml:48:13-79
190            android:excludeFromRecents="true"
190-->[com.google.firebase:firebase-auth:22.0.0] AndroidManifest.xml:49:13-46
191            android:exported="true"
191-->[com.google.firebase:firebase-auth:22.0.0] AndroidManifest.xml:50:13-36
192            android:launchMode="singleTask"
192-->[com.google.firebase:firebase-auth:22.0.0] AndroidManifest.xml:51:13-44
193            android:theme="@android:style/Theme.Translucent.NoTitleBar" >
193-->[com.google.firebase:firebase-auth:22.0.0] AndroidManifest.xml:52:13-72
194            <intent-filter>
194-->[com.google.firebase:firebase-auth:22.0.0] AndroidManifest.xml:53:13-63:29
195                <action android:name="android.intent.action.VIEW" />
195-->[com.google.firebase:firebase-auth:22.0.0] AndroidManifest.xml:36:17-69
195-->[com.google.firebase:firebase-auth:22.0.0] AndroidManifest.xml:36:25-66
196
197                <category android:name="android.intent.category.DEFAULT" />
197-->[com.google.firebase:firebase-auth:22.0.0] AndroidManifest.xml:38:17-76
197-->[com.google.firebase:firebase-auth:22.0.0] AndroidManifest.xml:38:27-73
198                <category android:name="android.intent.category.BROWSABLE" />
198-->[com.google.firebase:firebase-auth:22.0.0] AndroidManifest.xml:39:17-78
198-->[com.google.firebase:firebase-auth:22.0.0] AndroidManifest.xml:39:27-75
199
200                <data
200-->[com.google.firebase:firebase-auth:22.0.0] AndroidManifest.xml:41:17-44:51
201                    android:host="firebase.auth"
201-->[com.google.firebase:firebase-auth:22.0.0] AndroidManifest.xml:42:21-49
202                    android:path="/"
202-->[com.google.firebase:firebase-auth:22.0.0] AndroidManifest.xml:43:21-37
203                    android:scheme="recaptcha" />
203-->[com.google.firebase:firebase-auth:22.0.0] AndroidManifest.xml:44:21-48
204            </intent-filter>
205        </activity>
206
207        <provider
207-->[com.google.firebase:firebase-common:20.4.2] AndroidManifest.xml:23:9-28:39
208            android:name="com.google.firebase.provider.FirebaseInitProvider"
208-->[com.google.firebase:firebase-common:20.4.2] AndroidManifest.xml:24:13-77
209            android:authorities="com.example.firebase_signin.firebaseinitprovider"
209-->[com.google.firebase:firebase-common:20.4.2] AndroidManifest.xml:25:13-72
210            android:directBootAware="true"
210-->[com.google.firebase:firebase-common:20.4.2] AndroidManifest.xml:26:13-43
211            android:exported="false"
211-->[com.google.firebase:firebase-common:20.4.2] AndroidManifest.xml:27:13-37
212            android:initOrder="100" />
212-->[com.google.firebase:firebase-common:20.4.2] AndroidManifest.xml:28:13-36
213
214        <activity
214-->[com.google.android.gms:play-services-base:18.1.0] AndroidManifest.xml:20:9-22:45
215            android:name="com.google.android.gms.common.api.GoogleApiActivity"
215-->[com.google.android.gms:play-services-base:18.1.0] AndroidManifest.xml:20:19-85
216            android:exported="false"
216-->[com.google.android.gms:play-services-base:18.1.0] AndroidManifest.xml:22:19-43
217            android:theme="@android:style/Theme.Translucent.NoTitleBar" />
217-->[com.google.android.gms:play-services-base:18.1.0] AndroidManifest.xml:21:19-78
218
219        <meta-data
219-->[com.google.android.gms:play-services-basement:18.1.0] AndroidManifest.xml:21:9-23:69
220            android:name="com.google.android.gms.version"
220-->[com.google.android.gms:play-services-basement:18.1.0] AndroidManifest.xml:22:13-58
221            android:value="@integer/google_play_services_version" />
221-->[com.google.android.gms:play-services-basement:18.1.0] AndroidManifest.xml:23:13-66
222
223        <provider
223-->[androidx.emoji2:emoji2:1.2.0] AndroidManifest.xml:24:9-32:20
224            android:name="androidx.startup.InitializationProvider"
224-->[androidx.emoji2:emoji2:1.2.0] AndroidManifest.xml:25:13-67
225            android:authorities="com.example.firebase_signin.androidx-startup"
225-->[androidx.emoji2:emoji2:1.2.0] AndroidManifest.xml:26:13-68
226            android:exported="false" >
226-->[androidx.emoji2:emoji2:1.2.0] AndroidManifest.xml:27:13-37
227            <meta-data
227-->[androidx.emoji2:emoji2:1.2.0] AndroidManifest.xml:29:13-31:52
228                android:name="androidx.emoji2.text.EmojiCompatInitializer"
228-->[androidx.emoji2:emoji2:1.2.0] AndroidManifest.xml:30:17-75
229                android:value="androidx.startup" />
229-->[androidx.emoji2:emoji2:1.2.0] AndroidManifest.xml:31:17-49
230            <meta-data
230-->[androidx.lifecycle:lifecycle-process:2.4.1] AndroidManifest.xml:31:13-33:52
231                android:name="androidx.lifecycle.ProcessLifecycleInitializer"
231-->[androidx.lifecycle:lifecycle-process:2.4.1] AndroidManifest.xml:32:17-78
232                android:value="androidx.startup" />
232-->[androidx.lifecycle:lifecycle-process:2.4.1] AndroidManifest.xml:33:17-49
233        </provider>
234    </application>
235
236</manifest>